<?xml version="1.0" encoding="UTF-8"?>
<!-- Generated by org.testng.reporters.JUnitXMLReporter -->
<testsuite ignored="0" hostname="LAPTOP-BDELJV31" failures="0" tests="12" name="Default test" time="0.042" errors="0" timestamp="2022-09-09T20:15:14 IDT">
  <testcase classname="factory.TestCircle" name="testArea" time="0.006"/>
  <testcase classname="factory.TestCircle" name="testArea" time="0.001"/>
  <testcase classname="factory.TestCircle" name="testArea" time="0.001"/>
  <testcase classname="factory.TestCircle" name="testArea" time="0.0"/>
  <testcase classname="factory.TestCircle" name="testArea" time="0.0"/>
  <testcase classname="factory.TestCircle" name="testArea" time="0.0"/>
  <testcase classname="factory.TestCircle" name="testArea" time="0.001"/>
  <testcase classname="factory.TestCircle" name="testArea" time="0.001"/>
  <testcase classname="factory.TestCircle" name="testArea" time="0.001"/>
  <testcase classname="factory.TestCircle" name="testArea" time="0.001"/>
  <testcase classname="factory.TestCircle" name="testArea" time="0.001"/>
  <testcase classname="factory.TestCircle" name="testArea" time="0.001"/>
</testsuite> <!-- Default test -->
