<?xml version="1.0" encoding="UTF-8"?>
<!-- Generated by org.testng.reporters.JUnitXMLReporter -->
<testsuite ignored="0" hostname="LAPTOP-BDELJV31" failures="0" tests="4" name="Default test" time="3.655" errors="0" timestamp="2022-08-31T20:05:09 IDT">
  <testcase classname="testng.TestGetRequests" name="getRequests" time="1.793"/>
  <testcase classname="testng.TestGetRequests" name="getRequests" time="0.316"/>
  <testcase classname="testng.TestGetRequests" name="getRequests" time="0.505"/>
  <testcase classname="testng.TestGetRequests" name="getRequests" time="0.631"/>
</testsuite> <!-- Default test -->
