<?xml version="1.0" encoding="UTF-8"?>
<testng-results ignored="0" total="4" passed="4" failed="0" skipped="0">
  <reporter-output>
  </reporter-output>
  <suite started-at="2022-08-31T20:05:05 IDT" name="Default suite" finished-at="2022-08-31T20:05:09 IDT" duration-ms="3655">
    <groups>
    </groups>
    <test started-at="2022-08-31T20:05:05 IDT" name="Default test" finished-at="2022-08-31T20:05:09 IDT" duration-ms="3655">
      <class name="testng.TestGetRequests">
        <test-method is-config="true" signature="setupBaseUrl()[pri:0, instance:testng.TestGetRequests@5b239d7d, instance params:[]]" started-at="2022-08-31T20:05:05 IDT" name="setupBaseUrl" finished-at="2022-08-31T20:05:05 IDT" duration-ms="377" status="PASS">
          <reporter-output>
          </reporter-output>
        </test-method> <!-- setupBaseUrl -->
        <test-method signature="getRequests()[pri:0, instance:testng.TestGetRequests@5876a9af, instance params:[]]" started-at="2022-08-31T20:05:05 IDT" name="getRequests" finished-at="2022-08-31T20:05:07 IDT" duration-ms="1793" status="PASS">
          <reporter-output>
          </reporter-output>
        </test-method> <!-- getRequests -->
        <test-method signature="getRequests()[pri:0, instance:testng.TestGetRequests@59309333, instance params:[]]" started-at="2022-08-31T20:05:07 IDT" name="getRequests" finished-at="2022-08-31T20:05:08 IDT" duration-ms="316" status="PASS">
          <reporter-output>
          </reporter-output>
        </test-method> <!-- getRequests -->
        <test-method signature="getRequests()[pri:0, instance:testng.TestGetRequests@5b239d7d, instance params:[]]" started-at="2022-08-31T20:05:08 IDT" name="getRequests" finished-at="2022-08-31T20:05:08 IDT" duration-ms="505" status="PASS">
          <reporter-output>
          </reporter-output>
        </test-method> <!-- getRequests -->
        <test-method signature="getRequests()[pri:0, instance:testng.TestGetRequests@7ec7ffd3, instance params:[]]" started-at="2022-08-31T20:05:08 IDT" name="getRequests" finished-at="2022-08-31T20:05:09 IDT" duration-ms="631" status="PASS">
          <reporter-output>
          </reporter-output>
        </test-method> <!-- getRequests -->
      </class> <!-- testng.TestGetRequests -->
    </test> <!-- Default test -->
  </suite> <!-- Default suite -->
</testng-results>
